# JRE version: Java(TM) SE Runtime Environment (8.0_241-b07) (build 1.8.0_241-b07)
# Java VM: Java HotSpot(TM) 64-Bit Server VM (25.241-b07 mixed mode windows-amd64 compressed oops)
Heap:
 PSYoungGen      total 148480K, used 31236K [0x00000000eb180000, 0x00000000f9500000, 0x0000000100000000)
  eden space 135168K, 14% used [0x00000000eb180000,0x00000000ec531640,0x00000000f3580000)
  from space 13312K, 83% used [0x00000000f3580000,0x00000000f404fc48,0x00000000f4280000)
  to   space 14848K, 0% used [0x00000000f8680000,0x00000000f8680000,0x00000000f9500000)
 ParOldGen       total 33792K, used 25337K [0x00000000c1400000, 0x00000000c3500000, 0x00000000eb180000)
  object space 33792K, 74% used [0x00000000c1400000,0x00000000c2cbe458,0x00000000c3500000)
 Metaspace       used 27706K, capacity 28056K, committed 28416K, reserved 1075200K
  class space    used 3161K, capacity 3268K, committed 3328K, reserved 1048576K
GC Heap History (10 events):
Event: 27.745 GC heap before
{Heap before GC invocations=10 (full 1):
 PSYoungGen      total 68096K, used 67853K [0x00000000eb180000, 0x00000000f0280000, 0x0000000100000000)
  eden space 59392K, 99% used [0x00000000eb180000,0x00000000eeb44f88,0x00000000eeb80000)
  from space 8704K, 99% used [0x00000000efa00000,0x00000000f027e5c0,0x00000000f0280000)
  to   space 11264K, 0% used [0x00000000eec80000,0x00000000eec80000,0x00000000ef780000)
 ParOldGen       total 33792K, used 11783K [0x00000000c1400000, 0x00000000c3500000, 0x00000000eb180000)
  object space 33792K, 34% used [0x00000000c1400000,0x00000000c1f81f38,0x00000000c3500000)
 Metaspace       used 25855K, capacity 26220K, committed 26496K, reserved 1073152K
  class space    used 3012K, capacity 3104K, committed 3200K, reserved 1048576K
Event: 27.771 GC heap after
Heap after GC invocations=10 (full 1):
 PSYoungGen      total 71680K, used 11262K [0x00000000eb180000, 0x00000000f2280000, 0x0000000100000000)
  eden space 60416K, 0% used [0x00000000eb180000,0x00000000eb180000,0x00000000eec80000)
  from space 11264K, 99% used [0x00000000eec80000,0x00000000ef77f938,0x00000000ef780000)
  to   space 13824K, 0% used [0x00000000f1500000,0x00000000f1500000,0x00000000f2280000)
 ParOldGen       total 33792K, used 14130K [0x00000000c1400000, 0x00000000c3500000, 0x00000000eb180000)
  object space 33792K, 41% used [0x00000000c1400000,0x00000000c21cc818,0x00000000c3500000)
 Metaspace       used 25855K, capacity 26220K, committed 26496K, reserved 1073152K
  class space    used 3012K, capacity 3104K, committed 3200K, reserved 1048576K
}
Event: 27.998 GC heap before
{Heap before GC invocations=11 (full 1):
 PSYoungGen      total 71680K, used 71623K [0x00000000eb180000, 0x00000000f2280000, 0x0000000100000000)
  eden space 60416K, 99% used [0x00000000eb180000,0x00000000eec724c8,0x00000000eec80000)
  from space 11264K, 99% used [0x00000000eec80000,0x00000000ef77f938,0x00000000ef780000)
  to   space 13824K, 0% used [0x00000000f1500000,0x00000000f1500000,0x00000000f2280000)
 ParOldGen       total 33792K, used 14130K [0x00000000c1400000, 0x00000000c3500000, 0x00000000eb180000)
  object space 33792K, 41% used [0x00000000c1400000,0x00000000c21cc818,0x00000000c3500000)
 Metaspace       used 25855K, capacity 26220K, committed 26496K, reserved 1073152K
  class space    used 3012K, capacity 3104K, committed 3200K, reserved 1048576K
Event: 28.026 GC heap after
Heap after GC invocations=11 (full 1):
 PSYoungGen      total 102400K, used 4574K [0x00000000eb180000, 0x00000000f2600000, 0x0000000100000000)
  eden space 88576K, 0% used [0x00000000eb180000,0x00000000eb180000,0x00000000f0800000)
  from space 13824K, 33% used [0x00000000f1500000,0x00000000f1977a80,0x00000000f2280000)
  to   space 13312K, 0% used [0x00000000f0800000,0x00000000f0800000,0x00000000f1500000)
 ParOldGen       total 33792K, used 21113K [0x00000000c1400000, 0x00000000c3500000, 0x00000000eb180000)
  object space 33792K, 62% used [0x00000000c1400000,0x00000000c289e5c8,0x00000000c3500000)
 Metaspace       used 25855K, capacity 26220K, committed 26496K, reserved 1073152K
  class space    used 3012K, capacity 3104K, committed 3200K, reserved 1048576K
}
Event: 28.333 GC heap before
{Heap before GC invocations=12 (full 1):
 PSYoungGen      total 102400K, used 93150K [0x00000000eb180000, 0x00000000f2600000, 0x0000000100000000)
  eden space 88576K, 100% used [0x00000000eb180000,0x00000000f0800000,0x00000000f0800000)
  from space 13824K, 33% used [0x00000000f1500000,0x00000000f1977a80,0x00000000f2280000)
  to   space 13312K, 0% used [0x00000000f0800000,0x00000000f0800000,0x00000000f1500000)
 ParOldGen       total 33792K, used 21113K [0x00000000c1400000, 0x00000000c3500000, 0x00000000eb180000)
  object space 33792K, 62% used [0x00000000c1400000,0x00000000c289e5c8,0x00000000c3500000)
 Metaspace       used 25855K, capacity 26220K, committed 26496K, reserved 1073152K
  class space    used 3012K, capacity 3104K, committed 3200K, reserved 1048576K
Event: 28.356 GC heap after
Heap after GC invocations=12 (full 1):
 PSYoungGen      total 101888K, used 96K [0x00000000eb180000, 0x00000000f5080000, 0x0000000100000000)
  eden space 88576K, 0% used [0x00000000eb180000,0x00000000eb180000,0x00000000f0800000)
  from space 13312K, 0% used [0x00000000f0800000,0x00000000f0818000,0x00000000f1500000)
  to   space 13312K, 0% used [0x00000000f4380000,0x00000000f4380000,0x00000000f5080000)
 ParOldGen       total 33792K, used 25057K [0x00000000c1400000, 0x00000000c3500000, 0x00000000eb180000)
  object space 33792K, 74% used [0x00000000c1400000,0x00000000c2c78458,0x00000000c3500000)
 Metaspace       used 25855K, capacity 26220K, committed 26496K, reserved 1073152K
  class space    used 3012K, capacity 3104K, committed 3200K, reserved 1048576K
}
Event: 29.975 GC heap before
{Heap before GC invocations=13 (full 1):
 PSYoungGen      total 101888K, used 88672K [0x00000000eb180000, 0x00000000f5080000, 0x0000000100000000)
  eden space 88576K, 100% used [0x00000000eb180000,0x00000000f0800000,0x00000000f0800000)
  from space 13312K, 0% used [0x00000000f0800000,0x00000000f0818000,0x00000000f1500000)
  to   space 13312K, 0% used [0x00000000f4380000,0x00000000f4380000,0x00000000f5080000)
 ParOldGen       total 33792K, used 25057K [0x00000000c1400000, 0x00000000c3500000, 0x00000000eb180000)
  object space 33792K, 74% used [0x00000000c1400000,0x00000000c2c78458,0x00000000c3500000)
 Metaspace       used 25966K, capacity 26380K, committed 26752K, reserved 1073152K
  class space    used 3015K, capacity 3136K, committed 3200K, reserved 1048576K
Event: 29.993 GC heap after
Heap after GC invocations=13 (full 1):
 PSYoungGen      total 147456K, used 352K [0x00000000eb180000, 0x00000000f4f80000, 0x0000000100000000)
  eden space 135168K, 0% used [0x00000000eb180000,0x00000000eb180000,0x00000000f3580000)
  from space 12288K, 2% used [0x00000000f4380000,0x00000000f43d8000,0x00000000f4f80000)
  to   space 13312K, 0% used [0x00000000f3580000,0x00000000f3580000,0x00000000f4280000)
 ParOldGen       total 33792K, used 25073K [0x00000000c1400000, 0x00000000c3500000, 0x00000000eb180000)
  object space 33792K, 74% used [0x00000000c1400000,0x00000000c2c7c458,0x00000000c3500000)
 Metaspace       used 25966K, capacity 26380K, committed 26752K, reserved 1073152K
  class space    used 3015K, capacity 3136K, committed 3200K, reserved 1048576K
}
Event: 42.043 GC heap before
{Heap before GC invocations=14 (full 1):
 PSYoungGen      total 147456K, used 135520K [0x00000000eb180000, 0x00000000f4f80000, 0x0000000100000000)
  eden space 135168K, 100% used [0x00000000eb180000,0x00000000f3580000,0x00000000f3580000)
  from space 12288K, 2% used [0x00000000f4380000,0x00000000f43d8000,0x00000000f4f80000)
  to   space 13312K, 0% used [0x00000000f3580000,0x00000000f3580000,0x00000000f4280000)
 ParOldGen       total 33792K, used 25073K [0x00000000c1400000, 0x00000000c3500000, 0x00000000eb180000)
  object space 33792K, 74% used [0x00000000c1400000,0x00000000c2c7c458,0x00000000c3500000)
 Metaspace       used 27397K, capacity 27756K, committed 28160K, reserved 1075200K
  class space    used 3135K, capacity 3232K, committed 3328K, reserved 1048576K
Event: 42.081 GC heap after
Heap after GC invocations=14 (full 1):
 PSYoungGen      total 148480K, used 11071K [0x00000000eb180000, 0x00000000f9500000, 0x0000000100000000)
  eden space 135168K, 0% used [0x00000000eb180000,0x00000000eb180000,0x00000000f3580000)
  from space 13312K, 83% used [0x00000000f3580000,0x00000000f404fc48,0x00000000f4280000)
  to   space 14848K, 0% used [0x00000000f8680000,0x00000000f8680000,0x00000000f9500000)
 ParOldGen       total 33792K, used 25337K [0x00000000c1400000, 0x00000000c3500000, 0x00000000eb180000)
  object space 33792K, 74% used [0x00000000c1400000,0x00000000c2cbe458,0x00000000c3500000)
 Metaspace       used 27397K, capacity 27756K, committed 28160K, reserved 1075200K
  class space    used 3135K, capacity 3232K, committed 3328K, reserved 1048576K
}

