# JRE version: Java(TM) SE Runtime Environment (8.0_241-b07) (build 1.8.0_241-b07)
# Java VM: Java HotSpot(TM) 64-Bit Server VM (25.241-b07 mixed mode windows-amd64 compressed oops)
Heap:
 PSYoungGen      total 78848K, used 19817K [0x00000000eb180000, 0x00000000f4b80000, 0x0000000100000000)
  eden space 65536K, 9% used [0x00000000eb180000,0x00000000eb7df228,0x00000000ef180000)
  from space 13312K, 99% used [0x00000000f3e80000,0x00000000f4b7b598,0x00000000f4b80000)
  to   space 11264K, 0% used [0x00000000ef180000,0x00000000ef180000,0x00000000efc80000)
 ParOldGen       total 44032K, used 20189K [0x00000000c1400000, 0x00000000c3f00000, 0x00000000eb180000)
  object space 44032K, 45% used [0x00000000c1400000,0x00000000c27b7478,0x00000000c3f00000)
 Metaspace       used 20750K, capacity 20918K, committed 21296K, reserved 1069056K
  class space    used 2496K, capacity 2576K, committed 2688K, reserved 1048576K
GC Heap History (10 events):
Event: 10.053 GC heap before
{Heap before GC invocations=4 (full 0):
 PSYoungGen      total 18944K, used 18548K [0x00000000eb180000, 0x00000000ed680000, 0x0000000100000000)
  eden space 16384K, 99% used [0x00000000eb180000,0x00000000ec159320,0x00000000ec180000)
  from space 2560K, 90% used [0x00000000ec180000,0x00000000ec3c4010,0x00000000ec400000)
  to   space 2560K, 0% used [0x00000000ed400000,0x00000000ed400000,0x00000000ed680000)
 ParOldGen       total 44032K, used 11176K [0x00000000c1400000, 0x00000000c3f00000, 0x00000000eb180000)
  object space 44032K, 25% used [0x00000000c1400000,0x00000000c1eea358,0x00000000c3f00000)
 Metaspace       used 18314K, capacity 18476K, committed 18816K, reserved 1064960K
  class space    used 2316K, capacity 2382K, committed 2432K, reserved 1048576K
Event: 10.079 GC heap after
Heap after GC invocations=4 (full 0):
 PSYoungGen      total 35328K, used 2272K [0x00000000eb180000, 0x00000000ed680000, 0x0000000100000000)
  eden space 32768K, 0% used [0x00000000eb180000,0x00000000eb180000,0x00000000ed180000)
  from space 2560K, 88% used [0x00000000ed400000,0x00000000ed638020,0x00000000ed680000)
  to   space 2560K, 0% used [0x00000000ed180000,0x00000000ed180000,0x00000000ed400000)
 ParOldGen       total 44032K, used 11766K [0x00000000c1400000, 0x00000000c3f00000, 0x00000000eb180000)
  object space 44032K, 26% used [0x00000000c1400000,0x00000000c1f7db68,0x00000000c3f00000)
 Metaspace       used 18314K, capacity 18476K, committed 18816K, reserved 1064960K
  class space    used 2316K, capacity 2382K, committed 2432K, reserved 1048576K
}
Event: 10.197 GC heap before
{Heap before GC invocations=5 (full 0):
 PSYoungGen      total 35328K, used 34689K [0x00000000eb180000, 0x00000000ed680000, 0x0000000100000000)
  eden space 32768K, 98% used [0x00000000eb180000,0x00000000ed128410,0x00000000ed180000)
  from space 2560K, 88% used [0x00000000ed400000,0x00000000ed638020,0x00000000ed680000)
  to   space 2560K, 0% used [0x00000000ed180000,0x00000000ed180000,0x00000000ed400000)
 ParOldGen       total 44032K, used 11766K [0x00000000c1400000, 0x00000000c3f00000, 0x00000000eb180000)
  object space 44032K, 26% used [0x00000000c1400000,0x00000000c1f7db68,0x00000000c3f00000)
 Metaspace       used 18315K, capacity 18476K, committed 18816K, reserved 1064960K
  class space    used 2316K, capacity 2382K, committed 2432K, reserved 1048576K
Event: 10.210 GC heap after
Heap after GC invocations=5 (full 0):
 PSYoungGen      total 35328K, used 2548K [0x00000000eb180000, 0x00000000f0880000, 0x0000000100000000)
  eden space 32768K, 0% used [0x00000000eb180000,0x00000000eb180000,0x00000000ed180000)
  from space 2560K, 99% used [0x00000000ed180000,0x00000000ed3fd298,0x00000000ed400000)
  to   space 11776K, 0% used [0x00000000efd00000,0x00000000efd00000,0x00000000f0880000)
 ParOldGen       total 44032K, used 11894K [0x00000000c1400000, 0x00000000c3f00000, 0x00000000eb180000)
  object space 44032K, 27% used [0x00000000c1400000,0x00000000c1f9db68,0x00000000c3f00000)
 Metaspace       used 18315K, capacity 18476K, committed 18816K, reserved 1064960K
  class space    used 2316K, capacity 2382K, committed 2432K, reserved 1048576K
}
Event: 11.044 GC heap before
{Heap before GC invocations=6 (full 0):
 PSYoungGen      total 35328K, used 35316K [0x00000000eb180000, 0x00000000f0880000, 0x0000000100000000)
  eden space 32768K, 100% used [0x00000000eb180000,0x00000000ed180000,0x00000000ed180000)
  from space 2560K, 99% used [0x00000000ed180000,0x00000000ed3fd298,0x00000000ed400000)
  to   space 11776K, 0% used [0x00000000efd00000,0x00000000efd00000,0x00000000f0880000)
 ParOldGen       total 44032K, used 11894K [0x00000000c1400000, 0x00000000c3f00000, 0x00000000eb180000)
  object space 44032K, 27% used [0x00000000c1400000,0x00000000c1f9db68,0x00000000c3f00000)
 Metaspace       used 18531K, capacity 18732K, committed 19072K, reserved 1067008K
  class space    used 2321K, capacity 2382K, committed 2432K, reserved 1048576K
Event: 11.064 GC heap after
Heap after GC invocations=6 (full 0):
 PSYoungGen      total 76288K, used 2688K [0x00000000eb180000, 0x00000000f0780000, 0x0000000100000000)
  eden space 65536K, 0% used [0x00000000eb180000,0x00000000eb180000,0x00000000ef180000)
  from space 10752K, 25% used [0x00000000efd00000,0x00000000effa0020,0x00000000f0780000)
  to   space 11264K, 0% used [0x00000000ef180000,0x00000000ef180000,0x00000000efc80000)
 ParOldGen       total 44032K, used 11894K [0x00000000c1400000, 0x00000000c3f00000, 0x00000000eb180000)
  object space 44032K, 27% used [0x00000000c1400000,0x00000000c1f9db68,0x00000000c3f00000)
 Metaspace       used 18531K, capacity 18732K, committed 19072K, reserved 1067008K
  class space    used 2321K, capacity 2382K, committed 2432K, reserved 1048576K
}
Event: 14.501 GC heap before
{Heap before GC invocations=7 (full 0):
 PSYoungGen      total 76288K, used 68224K [0x00000000eb180000, 0x00000000f0780000, 0x0000000100000000)
  eden space 65536K, 100% used [0x00000000eb180000,0x00000000ef180000,0x00000000ef180000)
  from space 10752K, 25% used [0x00000000efd00000,0x00000000effa0020,0x00000000f0780000)
  to   space 11264K, 0% used [0x00000000ef180000,0x00000000ef180000,0x00000000efc80000)
 ParOldGen       total 44032K, used 11894K [0x00000000c1400000, 0x00000000c3f00000, 0x00000000eb180000)
  object space 44032K, 27% used [0x00000000c1400000,0x00000000c1f9db68,0x00000000c3f00000)
 Metaspace       used 20082K, capacity 20310K, committed 20480K, reserved 1067008K
  class space    used 2465K, capacity 2544K, committed 2560K, reserved 1048576K
Event: 14.528 GC heap after
Heap after GC invocations=7 (full 0):
 PSYoungGen      total 76800K, used 11074K [0x00000000eb180000, 0x00000000f4b80000, 0x0000000100000000)
  eden space 65536K, 0% used [0x00000000eb180000,0x00000000eb180000,0x00000000ef180000)
  from space 11264K, 98% used [0x00000000ef180000,0x00000000efc50878,0x00000000efc80000)
  to   space 13312K, 0% used [0x00000000f3e80000,0x00000000f3e80000,0x00000000f4b80000)
 ParOldGen       total 44032K, used 14715K [0x00000000c1400000, 0x00000000c3f00000, 0x00000000eb180000)
  object space 44032K, 33% used [0x00000000c1400000,0x00000000c225efc8,0x00000000c3f00000)
 Metaspace       used 20082K, capacity 20310K, committed 20480K, reserved 1067008K
  class space    used 2465K, capacity 2544K, committed 2560K, reserved 1048576K
}
Event: 17.135 GC heap before
{Heap before GC invocations=8 (full 0):
 PSYoungGen      total 76800K, used 76610K [0x00000000eb180000, 0x00000000f4b80000, 0x0000000100000000)
  eden space 65536K, 100% used [0x00000000eb180000,0x00000000ef180000,0x00000000ef180000)
  from space 11264K, 98% used [0x00000000ef180000,0x00000000efc50878,0x00000000efc80000)
  to   space 13312K, 0% used [0x00000000f3e80000,0x00000000f3e80000,0x00000000f4b80000)
 ParOldGen       total 44032K, used 14715K [0x00000000c1400000, 0x00000000c3f00000, 0x00000000eb180000)
  object space 44032K, 33% used [0x00000000c1400000,0x00000000c225efc8,0x00000000c3f00000)
 Metaspace       used 20713K, capacity 20918K, committed 21296K, reserved 1069056K
  class space    used 2496K, capacity 2576K, committed 2688K, reserved 1048576K
Event: 17.165 GC heap after
Heap after GC invocations=8 (full 0):
 PSYoungGen      total 78848K, used 13293K [0x00000000eb180000, 0x00000000f4b80000, 0x0000000100000000)
  eden space 65536K, 0% used [0x00000000eb180000,0x00000000eb180000,0x00000000ef180000)
  from space 13312K, 99% used [0x00000000f3e80000,0x00000000f4b7b598,0x00000000f4b80000)
  to   space 11264K, 0% used [0x00000000ef180000,0x00000000ef180000,0x00000000efc80000)
 ParOldGen       total 44032K, used 20189K [0x00000000c1400000, 0x00000000c3f00000, 0x00000000eb180000)
  object space 44032K, 45% used [0x00000000c1400000,0x00000000c27b7478,0x00000000c3f00000)
 Metaspace       used 20713K, capacity 20918K, committed 21296K, reserved 1069056K
  class space    used 2496K, capacity 2576K, committed 2688K, reserved 1048576K
}

